{"timestamp":1768077198603,"level":"debug","service":"socket","message":"✅ Initializing Socket.IO with HTTP server"}
{"timestamp":1768077198603,"level":"info","service":"socket","message":"Socket.IO already initialized, returning existing instance"}
{"timestamp":1768077198604,"level":"debug","service":"socket","message":"✅ Socket.IO server initialized"}
{"timestamp":1768077225813,"level":"debug","service":"socket","message":"✅ Initializing Socket.IO with HTTP server"}
{"timestamp":1768077225814,"level":"info","service":"socket","message":"Socket.IO already initialized, returning existing instance"}
{"timestamp":1768077225814,"level":"debug","service":"socket","message":"✅ Socket.IO server initialized"}
{"timestamp":1768077232009,"level":"debug","service":"socket","message":"✅ Initializing Socket.IO with HTTP server"}
{"timestamp":1768077232009,"level":"info","service":"socket","message":"Socket.IO already initialized, returning existing instance"}
{"timestamp":1768077232009,"level":"debug","service":"socket","message":"✅ Socket.IO server initialized"}
{"timestamp":1768077406373,"level":"debug","service":"socket","message":"✅ Initializing Socket.IO with HTTP server"}
{"timestamp":1768077406373,"level":"info","service":"socket","message":"Creating new Socket.IO server instance"}
{"timestamp":1768077406374,"level":"debug","service":"socket","message":"✅ Socket.IO server initialized"}
{"timestamp":1768077427180,"level":"info","service":"api","message":"API request details: ","requestId":"d86ff2bf","path":"/api/health","method":"GET","status":200,"duration":"0ms"}
{"timestamp":1768077427560,"level":"info","service":"api","message":"API request details: ","requestId":"45fd70e2","path":"/api/read/lookup","method":"GET","status":200,"duration":"0ms"}
{"timestamp":1768077427560,"level":"info","service":"api","message":"API request details: ","requestId":"886992bd","path":"/api/read/lookup","method":"GET","status":200,"duration":"0ms"}
{"timestamp":1768077427560,"level":"info","service":"api","message":"API request details: ","requestId":"674ca4b6","path":"/api/read/lookup","method":"GET","status":200,"duration":"0ms"}
{"timestamp":1768077427560,"level":"info","service":"api","message":"API request details: ","requestId":"b4ac390b","path":"/api/read/lookup","method":"GET","status":200,"duration":"0ms"}
{"timestamp":1768077427566,"level":"info","service":"api","message":"API request details: ","requestId":"93f297c3","path":"/api/read/core/analysts","method":"GET","status":200,"duration":"1ms"}
{"timestamp":1768077427569,"level":"info","service":"api","message":"API request details: ","requestId":"b7003d5d","path":"/api/read/lookup","method":"GET","status":200,"duration":"0ms"}
{"timestamp":1768077427576,"level":"info","service":"api","message":"API request details: ","requestId":"714e494b","path":"/api/read/core/incidents","method":"GET","status":200,"duration":"0ms"}
{"timestamp":1768077427582,"level":"info","service":"api","message":"API request details: ","requestId":"721c92fe","path":"/api/read/lookup","method":"GET","status":200,"duration":"0ms"}
{"timestamp":1768077427583,"level":"info","service":"api","message":"API request details: ","requestId":"4541294e","path":"/api/read/lookup","method":"GET","status":200,"duration":"0ms"}
{"timestamp":1768077427585,"level":"info","service":"api","message":"API request details: ","requestId":"05e092ef","path":"/api/read/lookup","method":"GET","status":200,"duration":"0ms"}
{"timestamp":1768077427586,"level":"info","service":"api","message":"API request details: ","requestId":"78274f40","path":"/api/read/lookup","method":"GET","status":200,"duration":"0ms"}
{"timestamp":1768077427587,"level":"info","service":"api","message":"API request details: ","requestId":"af15b369","path":"/api/read/lookup","method":"GET","status":200,"duration":"0ms"}
{"timestamp":1768077427588,"level":"info","service":"api","message":"API request details: ","requestId":"666bfd15","path":"/api/read/core/analysts","method":"GET","status":200,"duration":"0ms"}
{"timestamp":1768077427589,"level":"info","service":"api","message":"API request details: ","requestId":"25c24ae1","path":"/api/read/core/incidents","method":"GET","status":200,"duration":"0ms"}
{"timestamp":1768077427595,"level":"info","service":"socket","message":"Socket Bor_hO3aU82E6SAGAAAB - Authenticated as general (4a026a67-54f9-4563-887d-1811de6401e5)"}
{"timestamp":1768077427595,"level":"info","service":"socket","message":"Socket Bor_hO3aU82E6SAGAAAB - Connected as Spanko (4a026a67-54f9-4563-887d-1811de6401e5)"}
{"timestamp":1768077427596,"level":"debug","service":"socket","message":"Client Bor_hO3aU82E6SAGAAAB joined lobby"}
{"timestamp":1768077431358,"level":"debug","service":"socket","message":"Client Bor_hO3aU82E6SAGAAAB left lobby"}
{"timestamp":1768077431359,"level":"debug","service":"socket","message":"Created new incident entry for a1b2c3d4-e5f6-4a5b-8c9d-0e1f2a3b4c5d"}
{"timestamp":1768077431359,"level":"debug","service":"socket","message":"Added new analyst 4a026a67-54f9-4563-887d-1811de6401e5 to incident a1b2c3d4-e5f6-4a5b-8c9d-0e1f2a3b4c5d"}
{"timestamp":1768077431366,"level":"info","service":"api","message":"API request details: ","requestId":"59f40e3e","path":"/api/read/lookup","method":"GET","status":200,"duration":"1ms"}
{"timestamp":1768077431371,"level":"info","service":"api","message":"API request details: ","requestId":"29b6a3a2","path":"/api/read/lookup","method":"GET","status":200,"duration":"0ms"}
{"timestamp":1768077431375,"level":"info","service":"api","message":"API request details: ","requestId":"b9413435","path":"/api/read/lookup","method":"GET","status":200,"duration":"0ms"}
{"timestamp":1768077431380,"level":"info","service":"api","message":"API request details: ","requestId":"1464cecf","path":"/api/read/lookup","method":"GET","status":200,"duration":"1ms"}
{"timestamp":1768077431382,"level":"info","service":"api","message":"API request details: ","requestId":"88d77740","path":"/api/read/lookup","method":"GET","status":200,"duration":"0ms"}
{"timestamp":1768077431385,"level":"info","service":"api","message":"API request details: ","requestId":"b3612e0b","path":"/api/read/core/analysts","method":"GET","status":200,"duration":"0ms"}
{"timestamp":1768077431388,"level":"info","service":"api","message":"API request details: ","requestId":"cd8d8786","path":"/api/read/core/incidents","method":"GET","status":200,"duration":"1ms"}
{"timestamp":1768077431396,"level":"info","service":"api","message":"API request details: ","requestId":"b90688dd","path":"/api/read/core/annotations","method":"GET","status":200,"duration":"1ms"}
{"timestamp":1768077431396,"level":"info","service":"api","message":"API request details: ","requestId":"41b85817","path":"/api/read/core/annotations","method":"GET","status":200,"duration":"1ms"}
{"timestamp":1768077431405,"level":"info","service":"api","message":"API request details: ","requestId":"824eb1ff","path":"/api/read/core/timeline_enriched","method":"GET","status":200,"duration":"6ms"}
{"timestamp":1768077431405,"level":"info","service":"api","message":"API request details: ","requestId":"285c439c","path":"/api/read/core/timeline_enriched","method":"GET","status":200,"duration":"6ms"}
{"timestamp":1768077454602,"level":"info","service":"api","message":"API request details: ","requestId":"20968568","path":"/api/read/lookup","method":"GET","status":200,"duration":"0ms"}
{"timestamp":1768077454604,"level":"info","service":"api","message":"API request details: ","requestId":"e4003143","path":"/api/read/lookup","method":"GET","status":200,"duration":"0ms"}
{"timestamp":1768077454605,"level":"info","service":"api","message":"API request details: ","requestId":"e05c0eba","path":"/api/read/lookup","method":"GET","status":200,"duration":"0ms"}
{"timestamp":1768077454608,"level":"info","service":"api","message":"API request details: ","requestId":"7051c86f","path":"/api/read/lookup","method":"GET","status":200,"duration":"0ms"}
{"timestamp":1768077454609,"level":"info","service":"api","message":"API request details: ","requestId":"7724a751","path":"/api/read/lookup","method":"GET","status":200,"duration":"0ms"}
{"timestamp":1768077454611,"level":"info","service":"api","message":"API request details: ","requestId":"af82750d","path":"/api/read/core/analysts","method":"GET","status":200,"duration":"0ms"}
{"timestamp":1768077454612,"level":"info","service":"api","message":"API request details: ","requestId":"df36caa2","path":"/api/read/core/incidents","method":"GET","status":200,"duration":"0ms"}
{"timestamp":1768077454617,"level":"info","service":"api","message":"API request details: ","requestId":"20cadf45","path":"/api/read/lookup","method":"GET","status":200,"duration":"0ms"}
{"timestamp":1768077454619,"level":"info","service":"api","message":"API request details: ","requestId":"8c1f4455","path":"/api/read/lookup","method":"GET","status":200,"duration":"1ms"}
{"timestamp":1768077454619,"level":"info","service":"api","message":"API request details: ","requestId":"8f513013","path":"/api/read/lookup","method":"GET","status":200,"duration":"0ms"}
{"timestamp":1768077454621,"level":"info","service":"api","message":"API request details: ","requestId":"e88e0833","path":"/api/read/lookup","method":"GET","status":200,"duration":"0ms"}
{"timestamp":1768077454622,"level":"info","service":"api","message":"API request details: ","requestId":"e568810e","path":"/api/read/lookup","method":"GET","status":200,"duration":"0ms"}
{"timestamp":1768077454624,"level":"info","service":"api","message":"API request details: ","requestId":"7886e33d","path":"/api/read/core/analysts","method":"GET","status":200,"duration":"1ms"}
{"timestamp":1768077454625,"level":"info","service":"api","message":"API request details: ","requestId":"50de63e6","path":"/api/read/lookup","method":"GET","status":200,"duration":"0ms"}
{"timestamp":1768077454626,"level":"info","service":"api","message":"API request details: ","requestId":"cc69cdb9","path":"/api/read/lookup","method":"GET","status":200,"duration":"0ms"}
{"timestamp":1768077454627,"level":"info","service":"api","message":"API request details: ","requestId":"2c35952d","path":"/api/read/lookup","method":"GET","status":200,"duration":"0ms"}
{"timestamp":1768077454628,"level":"info","service":"api","message":"API request details: ","requestId":"c7d4f868","path":"/api/read/lookup","method":"GET","status":200,"duration":"0ms"}
{"timestamp":1768077454629,"level":"info","service":"api","message":"API request details: ","requestId":"fbaf694a","path":"/api/read/core/incidents","method":"GET","status":200,"duration":"0ms"}
{"timestamp":1768077454632,"level":"info","service":"api","message":"API request details: ","requestId":"1b5b3278","path":"/api/read/core/analysts","method":"GET","status":200,"duration":"0ms"}
{"timestamp":1768077454634,"level":"info","service":"api","message":"API request details: ","requestId":"264bb28e","path":"/api/read/core/incidents","method":"GET","status":200,"duration":"0ms"}
{"timestamp":1768077454637,"level":"info","service":"api","message":"API request details: ","requestId":"20417e3c","path":"/api/read/core/timeline_enriched","method":"GET","status":200,"duration":"2ms"}
{"timestamp":1768077454639,"level":"info","service":"api","message":"API request details: ","requestId":"ddc3f951","path":"/api/read/core/annotations","method":"GET","status":200,"duration":"1ms"}
{"timestamp":1768077454639,"level":"info","service":"api","message":"API request details: ","requestId":"63c5f029","path":"/api/read/lookup","method":"GET","status":200,"duration":"0ms"}
{"timestamp":1768077454641,"level":"info","service":"api","message":"API request details: ","requestId":"a9dee5de","path":"/api/read/core/annotations","method":"GET","status":200,"duration":"0ms"}
{"timestamp":1768077454643,"level":"info","service":"api","message":"API request details: ","requestId":"52f8605b","path":"/api/read/core/timeline_enriched","method":"GET","status":200,"duration":"1ms"}
{"timestamp":1768077454667,"level":"info","service":"api","message":"API request details: ","requestId":"3809d3cb","path":"/api/read/core/timeline_enriched","method":"GET","status":200,"duration":"2ms"}
{"timestamp":1768077454668,"level":"info","service":"api","message":"API request details: ","requestId":"51d6fd1d","path":"/api/read/core/annotations","method":"GET","status":200,"duration":"0ms"}
{"timestamp":1768077454671,"level":"info","service":"socket","message":"Socket nA6W0pyr7Rzq40m2AAAD - Authenticated as general (4a026a67-54f9-4563-887d-1811de6401e5)"}
{"timestamp":1768077454671,"level":"info","service":"socket","message":"Socket nA6W0pyr7Rzq40m2AAAD - Connected as Spanko (4a026a67-54f9-4563-887d-1811de6401e5)"}
{"timestamp":1768077454676,"level":"debug","service":"socket","message":"Added socket nA6W0pyr7Rzq40m2AAAD to existing analyst 4a026a67-54f9-4563-887d-1811de6401e5 in incident a1b2c3d4-e5f6-4a5b-8c9d-0e1f2a3b4c5d"}
{"timestamp":1768077471768,"level":"debug","service":"socket","message":"Removed socket nA6W0pyr7Rzq40m2AAAD from analyst 4a026a67-54f9-4563-887d-1811de6401e5 in incident a1b2c3d4-e5f6-4a5b-8c9d-0e1f2a3b4c5d"}
{"timestamp":1768077471771,"level":"debug","service":"socket","message":"Socket nA6W0pyr7Rzq40m2AAAD disconnected"}
{"timestamp":1768077484309,"level":"debug","service":"socket","message":"✅ Initializing Socket.IO with HTTP server"}
{"timestamp":1768077484309,"level":"info","service":"socket","message":"Socket.IO already initialized, returning existing instance"}
{"timestamp":1768077484309,"level":"debug","service":"socket","message":"✅ Socket.IO server initialized"}
{"timestamp":1768077484311,"level":"debug","service":"socket","message":"Removed socket Bor_hO3aU82E6SAGAAAB from analyst 4a026a67-54f9-4563-887d-1811de6401e5 in incident a1b2c3d4-e5f6-4a5b-8c9d-0e1f2a3b4c5d"}
{"timestamp":1768077484311,"level":"debug","service":"socket","message":"Removed analyst 4a026a67-54f9-4563-887d-1811de6401e5 from incident a1b2c3d4-e5f6-4a5b-8c9d-0e1f2a3b4c5d (no more sockets)"}
{"timestamp":1768077484311,"level":"debug","service":"socket","message":"Socket Bor_hO3aU82E6SAGAAAB disconnected"}
{"timestamp":1768077485391,"level":"info","service":"api","message":"API request details: ","requestId":"352d0156","path":"/api/read/lookup","method":"GET","status":200,"duration":"1ms"}
{"timestamp":1768077485391,"level":"info","service":"api","message":"API request details: ","requestId":"6dab2bad","path":"/api/read/lookup","method":"GET","status":200,"duration":"1ms"}
{"timestamp":1768077485391,"level":"info","service":"api","message":"API request details: ","requestId":"2a77db53","path":"/api/read/lookup","method":"GET","status":200,"duration":"1ms"}
{"timestamp":1768077485391,"level":"info","service":"api","message":"API request details: ","requestId":"8f1b2177","path":"/api/read/lookup","method":"GET","status":200,"duration":"1ms"}
{"timestamp":1768077485391,"level":"info","service":"api","message":"API request details: ","requestId":"e496bc0f","path":"/api/read/lookup","method":"GET","status":200,"duration":"1ms"}
{"timestamp":1768077485402,"level":"info","service":"api","message":"API request details: ","requestId":"e5411429","path":"/api/read/core/incidents","method":"GET","status":200,"duration":"1ms"}
{"timestamp":1768077485403,"level":"info","service":"api","message":"API request details: ","requestId":"e0c83178","path":"/api/read/core/analysts","method":"GET","status":200,"duration":"0ms"}
{"timestamp":1768077485409,"level":"info","service":"api","message":"API request details: ","requestId":"ecefb71a","path":"/api/read/lookup","method":"GET","status":200,"duration":"0ms"}
{"timestamp":1768077485410,"level":"info","service":"api","message":"API request details: ","requestId":"fd5e43ef","path":"/api/read/lookup","method":"GET","status":200,"duration":"0ms"}
{"timestamp":1768077485411,"level":"info","service":"api","message":"API request details: ","requestId":"8903f443","path":"/api/read/lookup","method":"GET","status":200,"duration":"0ms"}
{"timestamp":1768077485412,"level":"info","service":"api","message":"API request details: ","requestId":"2f16f4fa","path":"/api/read/lookup","method":"GET","status":200,"duration":"1ms"}
{"timestamp":1768077485413,"level":"info","service":"api","message":"API request details: ","requestId":"4a3acbc8","path":"/api/read/lookup","method":"GET","status":200,"duration":"0ms"}
{"timestamp":1768077485414,"level":"info","service":"api","message":"API request details: ","requestId":"bcf7cb25","path":"/api/read/core/analysts","method":"GET","status":200,"duration":"0ms"}
{"timestamp":1768077485415,"level":"info","service":"api","message":"API request details: ","requestId":"8f3345e5","path":"/api/read/lookup","method":"GET","status":200,"duration":"0ms"}
{"timestamp":1768077485416,"level":"info","service":"api","message":"API request details: ","requestId":"660678a4","path":"/api/read/lookup","method":"GET","status":200,"duration":"0ms"}
{"timestamp":1768077485417,"level":"info","service":"api","message":"API request details: ","requestId":"77728218","path":"/api/read/core/incidents","method":"GET","status":200,"duration":"0ms"}
{"timestamp":1768077485418,"level":"info","service":"api","message":"API request details: ","requestId":"ea05deaa","path":"/api/read/lookup","method":"GET","status":200,"duration":"0ms"}
{"timestamp":1768077485419,"level":"info","service":"api","message":"API request details: ","requestId":"b0c9c11d","path":"/api/read/lookup","method":"GET","status":200,"duration":"0ms"}
{"timestamp":1768077485420,"level":"info","service":"api","message":"API request details: ","requestId":"8fe2fbfa","path":"/api/read/lookup","method":"GET","status":200,"duration":"0ms"}
{"timestamp":1768077485420,"level":"info","service":"api","message":"API request details: ","requestId":"9028be4f","path":"/api/read/core/incidents","method":"GET","status":200,"duration":"0ms"}
{"timestamp":1768077485421,"level":"info","service":"api","message":"API request details: ","requestId":"d6f6e4ca","path":"/api/read/core/analysts","method":"GET","status":200,"duration":"0ms"}
{"timestamp":1768077485427,"level":"info","service":"api","message":"API request details: ","requestId":"acd6482e","path":"/api/read/core/timeline_enriched","method":"GET","status":200,"duration":"2ms"}
{"timestamp":1768077485427,"level":"info","service":"api","message":"API request details: ","requestId":"85e3dca5","path":"/api/read/core/timeline_enriched","method":"GET","status":200,"duration":"2ms"}
{"timestamp":1768077485429,"level":"info","service":"api","message":"API request details: ","requestId":"b9e019ef","path":"/api/read/core/annotations","method":"GET","status":200,"duration":"0ms"}
{"timestamp":1768077485429,"level":"info","service":"api","message":"API request details: ","requestId":"dbdce690","path":"/api/read/core/annotations","method":"GET","status":200,"duration":"0ms"}
{"timestamp":1768077485431,"level":"info","service":"api","message":"API request details: ","requestId":"4a4ce717","path":"/api/read/core/timeline_enriched","method":"GET","status":200,"duration":"1ms"}
{"timestamp":1768077485432,"level":"info","service":"api","message":"API request details: ","requestId":"9b29809c","path":"/api/read/core/annotations","method":"GET","status":200,"duration":"0ms"}
{"timestamp":1768077496388,"level":"info","service":"api","message":"API request details: ","requestId":"c90db03f","path":"/api/health","method":"GET","status":200,"duration":"0ms"}
{"timestamp":1768077505529,"level":"info","service":"api","message":"API request details: ","requestId":"8300ef68","path":"/api/health","method":"GET","status":200,"duration":"0ms"}
{"timestamp":1768077505684,"level":"info","service":"api","message":"API request details: ","requestId":"4e3918c4","path":"/api/read/lookup","method":"GET","status":200,"duration":"0ms"}
{"timestamp":1768077505686,"level":"info","service":"api","message":"API request details: ","requestId":"9e152053","path":"/api/read/lookup","method":"GET","status":200,"duration":"0ms"}
{"timestamp":1768077505688,"level":"info","service":"api","message":"API request details: ","requestId":"444e8324","path":"/api/read/lookup","method":"GET","status":200,"duration":"0ms"}
{"timestamp":1768077505690,"level":"info","service":"api","message":"API request details: ","requestId":"9f97b1fe","path":"/api/read/lookup","method":"GET","status":200,"duration":"1ms"}
{"timestamp":1768077505691,"level":"info","service":"api","message":"API request details: ","requestId":"aa5164e2","path":"/api/read/lookup","method":"GET","status":200,"duration":"0ms"}
{"timestamp":1768077505692,"level":"info","service":"api","message":"API request details: ","requestId":"92f5d6b7","path":"/api/read/core/analysts","method":"GET","status":200,"duration":"0ms"}
{"timestamp":1768077505693,"level":"info","service":"api","message":"API request details: ","requestId":"199080ac","path":"/api/read/core/incidents","method":"GET","status":200,"duration":"0ms"}
{"timestamp":1768077505698,"level":"info","service":"api","message":"API request details: ","requestId":"776134d0","path":"/api/read/lookup","method":"GET","status":200,"duration":"0ms"}
{"timestamp":1768077505699,"level":"info","service":"api","message":"API request details: ","requestId":"a24dae1f","path":"/api/read/lookup","method":"GET","status":200,"duration":"0ms"}
{"timestamp":1768077505700,"level":"info","service":"api","message":"API request details: ","requestId":"7b63e64f","path":"/api/read/lookup","method":"GET","status":200,"duration":"0ms"}
{"timestamp":1768077505701,"level":"info","service":"api","message":"API request details: ","requestId":"a3b43802","path":"/api/read/lookup","method":"GET","status":200,"duration":"0ms"}
{"timestamp":1768077505702,"level":"info","service":"api","message":"API request details: ","requestId":"f21fd40c","path":"/api/read/lookup","method":"GET","status":200,"duration":"0ms"}
{"timestamp":1768077505703,"level":"info","service":"api","message":"API request details: ","requestId":"3bb4b24a","path":"/api/read/core/incidents","method":"GET","status":200,"duration":"0ms"}
{"timestamp":1768077505705,"level":"info","service":"api","message":"API request details: ","requestId":"c0a49c06","path":"/api/read/core/analysts","method":"GET","status":200,"duration":"1ms"}
{"timestamp":1768077516126,"level":"debug","service":"auth","message":"Unauthenticated access to protected route, redirecting to /login"}
{"timestamp":1768077516714,"level":"debug","service":"auth","message":"Unauthenticated access to protected route, redirecting to /login"}
{"timestamp":1768077516717,"level":"debug","service":"auth","message":"Unauthenticated access to protected route, redirecting to /login"}
{"timestamp":1768077516721,"level":"debug","service":"auth","message":"Unauthenticated access to protected route, redirecting to /login"}
{"timestamp":1768077516722,"level":"debug","service":"auth","message":"Unauthenticated access to protected route, redirecting to /login"}
{"timestamp":1768077516723,"level":"debug","service":"auth","message":"Unauthenticated access to protected route, redirecting to /login"}
{"timestamp":1768077516724,"level":"debug","service":"auth","message":"Unauthenticated access to protected route, redirecting to /login"}
{"timestamp":1768077516725,"level":"debug","service":"auth","message":"Unauthenticated access to protected route, redirecting to /login"}
{"timestamp":1768077516729,"level":"debug","service":"auth","message":"Unauthenticated access to protected route, redirecting to /login"}
{"timestamp":1768077516730,"level":"debug","service":"auth","message":"Unauthenticated access to protected route, redirecting to /login"}
{"timestamp":1768077516731,"level":"debug","service":"auth","message":"Unauthenticated access to protected route, redirecting to /login"}
{"timestamp":1768077516731,"level":"debug","service":"auth","message":"Unauthenticated access to protected route, redirecting to /login"}
{"timestamp":1768077516732,"level":"debug","service":"auth","message":"Unauthenticated access to protected route, redirecting to /login"}
{"timestamp":1768077516735,"level":"debug","service":"auth","message":"Unauthenticated access to protected route, redirecting to /login"}
{"timestamp":1768077516745,"level":"debug","service":"auth","message":"Unauthenticated access to protected route, redirecting to /login"}
{"timestamp":1768077556127,"level":"info","service":"api","message":"API request details: ","requestId":"533c148e","path":"/api/health","method":"GET","status":200,"duration":"1ms"}
{"timestamp":1768077600427,"level":"debug","service":"socket","message":"✅ Initializing Socket.IO with HTTP server"}
{"timestamp":1768077600427,"level":"info","service":"socket","message":"Socket.IO already initialized, returning existing instance"}
{"timestamp":1768077600427,"level":"debug","service":"socket","message":"✅ Socket.IO server initialized"}
{"timestamp":1768077606679,"level":"debug","service":"socket","message":"✅ Initializing Socket.IO with HTTP server"}
{"timestamp":1768077606680,"level":"info","service":"socket","message":"Creating new Socket.IO server instance"}
{"timestamp":1768077606680,"level":"debug","service":"socket","message":"✅ Socket.IO server initialized"}
{"timestamp":1768077613369,"level":"info","service":"api","message":"API request details: ","requestId":"6ef03e1e","path":"/api/health","method":"GET","status":200,"duration":"0ms"}
{"timestamp":1768077613703,"level":"info","service":"api","message":"API request details: ","requestId":"79147181","path":"/api/read/lookup","method":"GET","status":200,"duration":"0ms"}
{"timestamp":1768077613703,"level":"info","service":"api","message":"API request details: ","requestId":"c3acbb06","path":"/api/read/lookup","method":"GET","status":200,"duration":"0ms"}
{"timestamp":1768077613703,"level":"info","service":"api","message":"API request details: ","requestId":"e811c99d","path":"/api/read/lookup","method":"GET","status":200,"duration":"0ms"}
{"timestamp":1768077613703,"level":"info","service":"api","message":"API request details: ","requestId":"3665bd46","path":"/api/read/lookup","method":"GET","status":200,"duration":"0ms"}
{"timestamp":1768077613703,"level":"info","service":"api","message":"API request details: ","requestId":"87a9b0b1","path":"/api/read/lookup","method":"GET","status":200,"duration":"0ms"}
{"timestamp":1768077613707,"level":"info","service":"api","message":"API request details: ","requestId":"810e032b","path":"/api/read/core/analysts","method":"GET","status":200,"duration":"0ms"}
{"timestamp":1768077613719,"level":"info","service":"api","message":"API request details: ","requestId":"df6c8ab5","path":"/api/read/core/incidents","method":"GET","status":200,"duration":"1ms"}
{"timestamp":1768077613723,"level":"info","service":"api","message":"API request details: ","requestId":"2542f1bb","path":"/api/read/lookup","method":"GET","status":200,"duration":"1ms"}
{"timestamp":1768077613724,"level":"info","service":"api","message":"API request details: ","requestId":"4576555f","path":"/api/read/lookup","method":"GET","status":200,"duration":"0ms"}
{"timestamp":1768077613726,"level":"info","service":"api","message":"API request details: ","requestId":"ebb4e586","path":"/api/read/lookup","method":"GET","status":200,"duration":"0ms"}
{"timestamp":1768077613727,"level":"info","service":"api","message":"API request details: ","requestId":"3d0f1e08","path":"/api/read/core/analysts","method":"GET","status":200,"duration":"1ms"}
{"timestamp":1768077613728,"level":"info","service":"api","message":"API request details: ","requestId":"e2ad93ed","path":"/api/read/lookup","method":"GET","status":200,"duration":"1ms"}
{"timestamp":1768077613729,"level":"info","service":"api","message":"API request details: ","requestId":"242aef3b","path":"/api/read/lookup","method":"GET","status":200,"duration":"0ms"}
{"timestamp":1768077613730,"level":"info","service":"api","message":"API request details: ","requestId":"46cecf7c","path":"/api/read/core/incidents","method":"GET","status":200,"duration":"1ms"}
{"timestamp":1768077613736,"level":"info","service":"socket","message":"Socket _f8opVxClHVG5NgAAAAB - Authenticated as general (4a026a67-54f9-4563-887d-1811de6401e5)"}
{"timestamp":1768077613737,"level":"info","service":"socket","message":"Socket _f8opVxClHVG5NgAAAAB - Connected as Spanko (4a026a67-54f9-4563-887d-1811de6401e5)"}
{"timestamp":1768077613738,"level":"debug","service":"socket","message":"Client _f8opVxClHVG5NgAAAAB joined lobby"}
{"timestamp":1768077620440,"level":"info","service":"api","message":"API request details: ","requestId":"21df32cb","path":"/api/health","method":"GET","status":200,"duration":"0ms"}
{"timestamp":1768077620540,"level":"info","service":"api","message":"API request details: ","requestId":"157e98a7","path":"/api/read/lookup","method":"GET","status":200,"duration":"0ms"}
{"timestamp":1768077620545,"level":"info","service":"api","message":"API request details: ","requestId":"107754fd","path":"/api/read/lookup","method":"GET","status":200,"duration":"1ms"}
{"timestamp":1768077620550,"level":"info","service":"api","message":"API request details: ","requestId":"cb14c524","path":"/api/read/lookup","method":"GET","status":200,"duration":"1ms"}
{"timestamp":1768077620553,"level":"info","service":"api","message":"API request details: ","requestId":"4c6c59a7","path":"/api/read/lookup","method":"GET","status":200,"duration":"0ms"}
{"timestamp":1768077620556,"level":"info","service":"api","message":"API request details: ","requestId":"a90805da","path":"/api/read/core/incidents","method":"GET","status":200,"duration":"0ms"}
{"timestamp":1768077620576,"level":"info","service":"api","message":"API request details: ","requestId":"19acd718","path":"/api/read/lookup","method":"GET","status":200,"duration":"0ms"}
{"timestamp":1768077620579,"level":"info","service":"api","message":"API request details: ","requestId":"32ffb307","path":"/api/read/lookup","method":"GET","status":200,"duration":"1ms"}
{"timestamp":1768077620581,"level":"info","service":"api","message":"API request details: ","requestId":"7a1a8404","path":"/api/read/lookup","method":"GET","status":200,"duration":"0ms"}
{"timestamp":1768077620582,"level":"info","service":"api","message":"API request details: ","requestId":"e775fc7e","path":"/api/read/lookup","method":"GET","status":200,"duration":"0ms"}
{"timestamp":1768077620584,"level":"info","service":"api","message":"API request details: ","requestId":"1b3c283c","path":"/api/read/lookup","method":"GET","status":200,"duration":"0ms"}
{"timestamp":1768077620587,"level":"info","service":"api","message":"API request details: ","requestId":"066195e4","path":"/api/read/core/analysts","method":"GET","status":200,"duration":"0ms"}
{"timestamp":1768077620590,"level":"info","service":"api","message":"API request details: ","requestId":"62089062","path":"/api/read/lookup","method":"GET","status":200,"duration":"1ms"}
{"timestamp":1768077620602,"level":"info","service":"api","message":"API request details: ","requestId":"bcb06e94","path":"/api/read/core/analysts","method":"GET","status":200,"duration":"11ms"}
{"timestamp":1768077620603,"level":"info","service":"api","message":"API request details: ","requestId":"351b57e1","path":"/api/read/core/incidents","method":"GET","status":200,"duration":"0ms"}
{"timestamp":1768077620607,"level":"info","service":"socket","message":"Socket ZwdyOv299BNnegRkAAAD - Authenticated as general (4a026a67-54f9-4563-887d-1811de6401e5)"}
{"timestamp":1768077620607,"level":"info","service":"socket","message":"Socket ZwdyOv299BNnegRkAAAD - Connected as Spanko (4a026a67-54f9-4563-887d-1811de6401e5)"}
{"timestamp":1768077620608,"level":"debug","service":"socket","message":"Client ZwdyOv299BNnegRkAAAD joined lobby"}
{"timestamp":1768077625884,"level":"debug","service":"socket","message":"Client ZwdyOv299BNnegRkAAAD left lobby"}
{"timestamp":1768077625884,"level":"debug","service":"socket","message":"Created new incident entry for a1b2c3d4-e5f6-4a5b-8c9d-0e1f2a3b4c5d"}
{"timestamp":1768077625884,"level":"debug","service":"socket","message":"Added new analyst 4a026a67-54f9-4563-887d-1811de6401e5 to incident a1b2c3d4-e5f6-4a5b-8c9d-0e1f2a3b4c5d"}
{"timestamp":1768077625888,"level":"info","service":"api","message":"API request details: ","requestId":"71eb7c5f","path":"/api/read/lookup","method":"GET","status":200,"duration":"0ms"}
{"timestamp":1768077625890,"level":"info","service":"api","message":"API request details: ","requestId":"e10d51fa","path":"/api/read/lookup","method":"GET","status":200,"duration":"0ms"}
{"timestamp":1768077625893,"level":"info","service":"api","message":"API request details: ","requestId":"a899ce0b","path":"/api/read/lookup","method":"GET","status":200,"duration":"1ms"}
{"timestamp":1768077625895,"level":"info","service":"api","message":"API request details: ","requestId":"83d589ec","path":"/api/read/lookup","method":"GET","status":200,"duration":"0ms"}
{"timestamp":1768077625897,"level":"info","service":"api","message":"API request details: ","requestId":"0957fd94","path":"/api/read/lookup","method":"GET","status":200,"duration":"0ms"}
{"timestamp":1768077625899,"level":"info","service":"api","message":"API request details: ","requestId":"f6b03333","path":"/api/read/core/analysts","method":"GET","status":200,"duration":"1ms"}
{"timestamp":1768077625904,"level":"info","service":"api","message":"API request details: ","requestId":"8ec7ef37","path":"/api/read/core/incidents","method":"GET","status":200,"duration":"0ms"}
{"timestamp":1768077625909,"level":"info","service":"api","message":"API request details: ","requestId":"15951d92","path":"/api/read/core/annotations","method":"GET","status":200,"duration":"1ms"}
{"timestamp":1768077625913,"level":"info","service":"api","message":"API request details: ","requestId":"ad2a27a1","path":"/api/read/core/timeline_enriched","method":"GET","status":200,"duration":"3ms"}
{"timestamp":1768077625916,"level":"info","service":"api","message":"API request details: ","requestId":"70d9f5df","path":"/api/read/core/timeline_enriched","method":"GET","status":200,"duration":"2ms"}
{"timestamp":1768077625918,"level":"info","service":"api","message":"API request details: ","requestId":"3501b2f2","path":"/api/read/core/annotations","method":"GET","status":200,"duration":"0ms"}
{"timestamp":1768077628099,"level":"debug","service":"socket","message":"Client _f8opVxClHVG5NgAAAAB left lobby"}
{"timestamp":1768077628107,"level":"info","service":"api","message":"API request details: ","requestId":"7a1c8119","path":"/api/read/core/timeline_enriched","method":"GET","status":200,"duration":"4ms"}
{"timestamp":1768077628112,"level":"info","service":"api","message":"API request details: ","requestId":"38afab22","path":"/api/read/core/annotations","method":"GET","status":200,"duration":"0ms"}
{"timestamp":1768077628116,"level":"info","service":"api","message":"API request details: ","requestId":"dd113c3f","path":"/api/read/lookup","method":"GET","status":200,"duration":"1ms"}
{"timestamp":1768077628118,"level":"info","service":"api","message":"API request details: ","requestId":"385035ba","path":"/api/read/lookup","method":"GET","status":200,"duration":"0ms"}
{"timestamp":1768077628118,"level":"debug","service":"socket","message":"Added socket _f8opVxClHVG5NgAAAAB to existing analyst 4a026a67-54f9-4563-887d-1811de6401e5 in incident a1b2c3d4-e5f6-4a5b-8c9d-0e1f2a3b4c5d"}
{"timestamp":1768077628119,"level":"info","service":"api","message":"API request details: ","requestId":"a89aac73","path":"/api/read/lookup","method":"GET","status":200,"duration":"0ms"}
{"timestamp":1768077628120,"level":"info","service":"api","message":"API request details: ","requestId":"36ebbeba","path":"/api/read/lookup","method":"GET","status":200,"duration":"0ms"}
{"timestamp":1768077628121,"level":"info","service":"api","message":"API request details: ","requestId":"94153db6","path":"/api/read/core/analysts","method":"GET","status":200,"duration":"0ms"}
{"timestamp":1768077628122,"level":"info","service":"api","message":"API request details: ","requestId":"02f1f47e","path":"/api/read/core/incidents","method":"GET","status":200,"duration":"0ms"}
{"timestamp":1768077628123,"level":"info","service":"api","message":"API request details: ","requestId":"ede6d0d6","path":"/api/read/lookup","method":"GET","status":200,"duration":"0ms"}
{"timestamp":1768077628145,"level":"info","service":"api","message":"API request details: ","requestId":"51b4705a","path":"/api/read/core/timeline_enriched","method":"GET","status":200,"duration":"1ms"}
{"timestamp":1768077628147,"level":"info","service":"api","message":"API request details: ","requestId":"fe1e2571","path":"/api/read/core/annotations","method":"GET","status":200,"duration":"0ms"}
{"timestamp":1768077745846,"level":"debug","service":"socket","message":"Analyst 4a026a67-54f9-4563-887d-1811de6401e5 updated status in incident:a1b2c3d4-e5f6-4a5b-8c9d-0e1f2a3b4c5d:","focusedRow":"evt-fw-exploit-01"}
{"timestamp":1768077749866,"level":"debug","service":"socket","message":"Analyst 4a026a67-54f9-4563-887d-1811de6401e5 updated status in incident:a1b2c3d4-e5f6-4a5b-8c9d-0e1f2a3b4c5d:","focusedRow":"evt-fw-exploit-01"}
{"timestamp":1768077750496,"level":"debug","service":"socket","message":"Analyst 4a026a67-54f9-4563-887d-1811de6401e5 updated status in incident:a1b2c3d4-e5f6-4a5b-8c9d-0e1f2a3b4c5d:","focusedRow":null,"editingRow":null}
{"timestamp":1768077751530,"level":"debug","service":"socket","message":"Analyst 4a026a67-54f9-4563-887d-1811de6401e5 updated status in incident:a1b2c3d4-e5f6-4a5b-8c9d-0e1f2a3b4c5d:","focusedRow":"evt-fw-exploit-01"}
{"timestamp":1768077752147,"level":"debug","service":"socket","message":"Analyst 4a026a67-54f9-4563-887d-1811de6401e5 updated status in incident:a1b2c3d4-e5f6-4a5b-8c9d-0e1f2a3b4c5d:","focusedRow":null,"editingRow":null}
{"timestamp":1768077756458,"level":"debug","service":"socket","message":"Removed socket ZwdyOv299BNnegRkAAAD from analyst 4a026a67-54f9-4563-887d-1811de6401e5 in incident a1b2c3d4-e5f6-4a5b-8c9d-0e1f2a3b4c5d"}
{"timestamp":1768077756458,"level":"debug","service":"socket","message":"Socket ZwdyOv299BNnegRkAAAD disconnected"}
{"timestamp":1768077764688,"level":"debug","service":"socket","message":"Analyst 4a026a67-54f9-4563-887d-1811de6401e5 updated status in incident:a1b2c3d4-e5f6-4a5b-8c9d-0e1f2a3b4c5d:","focusedRow":null,"editingRow":null}
{"timestamp":1768077768975,"level":"debug","service":"socket","message":"Removed socket _f8opVxClHVG5NgAAAAB from analyst 4a026a67-54f9-4563-887d-1811de6401e5 in incident a1b2c3d4-e5f6-4a5b-8c9d-0e1f2a3b4c5d"}
{"timestamp":1768077768975,"level":"debug","service":"socket","message":"Removed analyst 4a026a67-54f9-4563-887d-1811de6401e5 from incident a1b2c3d4-e5f6-4a5b-8c9d-0e1f2a3b4c5d (no more sockets)"}
{"timestamp":1768077768976,"level":"debug","service":"socket","message":"Socket _f8opVxClHVG5NgAAAAB disconnected"}
