{"timestamp":1766818030096,"level":"debug","service":"socket","message":"✅ Initializing Socket.IO with HTTP server"}
{"timestamp":1766818030097,"level":"info","service":"socket","message":"Creating new Socket.IO server instance"}
{"timestamp":1766818030098,"level":"debug","service":"socket","message":"✅ Socket.IO server initialized"}
{"timestamp":1766818035317,"level":"debug","service":"auth","message":"adapter_getSessionAndUser","details":"[{\"args\":[\"c72daec1-b8bc-438e-ad9c-c7e93f7e71a5\"]}]"}
{"timestamp":1766818035336,"level":"debug","service":"auth","message":"adapter_getSessionAndUser","details":"[{\"args\":[\"c72daec1-b8bc-438e-ad9c-c7e93f7e71a5\"]}]"}
{"timestamp":1766818035341,"level":"debug","service":"auth","message":"adapter_getSessionAndUser","details":"[{\"args\":[\"c72daec1-b8bc-438e-ad9c-c7e93f7e71a5\"]}]"}
{"timestamp":1766818035349,"level":"debug","service":"auth","message":"adapter_getSessionAndUser","details":"[{\"args\":[\"c72daec1-b8bc-438e-ad9c-c7e93f7e71a5\"]}]"}
{"timestamp":1766818035351,"level":"info","service":"api","message":"API request details: ","requestId":"e8992fc2","path":"/api/health","method":"GET","status":200,"duration":"1ms"}
{"timestamp":1766818035957,"level":"debug","service":"auth","message":"adapter_getSessionAndUser","details":"[{\"args\":[\"c72daec1-b8bc-438e-ad9c-c7e93f7e71a5\"]}]"}
{"timestamp":1766818035958,"level":"debug","service":"auth","message":"adapter_getSessionAndUser","details":"[{\"args\":[\"c72daec1-b8bc-438e-ad9c-c7e93f7e71a5\"]}]"}
{"timestamp":1766818035958,"level":"debug","service":"auth","message":"adapter_getSessionAndUser","details":"[{\"args\":[\"c72daec1-b8bc-438e-ad9c-c7e93f7e71a5\"]}]"}
{"timestamp":1766818035959,"level":"debug","service":"auth","message":"adapter_getSessionAndUser","details":"[{\"args\":[\"c72daec1-b8bc-438e-ad9c-c7e93f7e71a5\"]}]"}
{"timestamp":1766818035960,"level":"debug","service":"auth","message":"adapter_getSessionAndUser","details":"[{\"args\":[\"c72daec1-b8bc-438e-ad9c-c7e93f7e71a5\"]}]"}
{"timestamp":1766818035964,"level":"info","service":"api","message":"API request details: ","requestId":"2da76bca","path":"/api/read/lookup","method":"GET","status":200,"duration":"2ms"}
{"timestamp":1766818035964,"level":"info","service":"api","message":"API request details: ","requestId":"0aa8077a","path":"/api/read/lookup","method":"GET","status":200,"duration":"2ms"}
{"timestamp":1766818035964,"level":"info","service":"api","message":"API request details: ","requestId":"c8e4508d","path":"/api/read/lookup","method":"GET","status":200,"duration":"2ms"}
{"timestamp":1766818035964,"level":"info","service":"api","message":"API request details: ","requestId":"347fc139","path":"/api/read/lookup","method":"GET","status":200,"duration":"1ms"}
{"timestamp":1766818035964,"level":"info","service":"api","message":"API request details: ","requestId":"46b0956d","path":"/api/read/lookup","method":"GET","status":200,"duration":"1ms"}
{"timestamp":1766818035967,"level":"debug","service":"auth","message":"adapter_getSessionAndUser","details":"[{\"args\":[\"c72daec1-b8bc-438e-ad9c-c7e93f7e71a5\"]}]"}
{"timestamp":1766818035969,"level":"info","service":"api","message":"API request details: ","requestId":"7105e479","path":"/api/read/core/analysts","method":"GET","status":200,"duration":"1ms"}
{"timestamp":1766818035980,"level":"debug","service":"auth","message":"adapter_getSessionAndUser","details":"[{\"args\":[\"c72daec1-b8bc-438e-ad9c-c7e93f7e71a5\"]}]"}
{"timestamp":1766818035981,"level":"info","service":"api","message":"API request details: ","requestId":"83cc15e4","path":"/api/read/core/incidents","method":"GET","status":200,"duration":"0ms"}
{"timestamp":1766818068183,"level":"debug","service":"auth","message":"adapter_getSessionAndUser","details":"[{\"args\":[\"c72daec1-b8bc-438e-ad9c-c7e93f7e71a5\"]}]"}
{"timestamp":1766818068185,"level":"debug","service":"auth","message":"adapter_getSessionAndUser","details":"[{\"args\":[\"c72daec1-b8bc-438e-ad9c-c7e93f7e71a5\"]}]"}
{"timestamp":1766818068291,"level":"debug","service":"auth","message":"adapter_getSessionAndUser","details":"[{\"args\":[\"c72daec1-b8bc-438e-ad9c-c7e93f7e71a5\"]}]"}
{"timestamp":1766818068293,"level":"info","service":"api","message":"API request details: ","requestId":"e587ff2c","path":"/api/read/lookup","method":"GET","status":200,"duration":"1ms"}
{"timestamp":1766818068294,"level":"debug","service":"auth","message":"adapter_getSessionAndUser","details":"[{\"args\":[\"c72daec1-b8bc-438e-ad9c-c7e93f7e71a5\"]}]"}
{"timestamp":1766818068296,"level":"info","service":"api","message":"API request details: ","requestId":"49af8d12","path":"/api/read/lookup","method":"GET","status":200,"duration":"1ms"}
{"timestamp":1766818068298,"level":"debug","service":"auth","message":"adapter_getSessionAndUser","details":"[{\"args\":[\"c72daec1-b8bc-438e-ad9c-c7e93f7e71a5\"]}]"}
{"timestamp":1766818068300,"level":"info","service":"api","message":"API request details: ","requestId":"d0dc0c3a","path":"/api/read/lookup","method":"GET","status":200,"duration":"0ms"}
{"timestamp":1766818068302,"level":"debug","service":"auth","message":"adapter_getSessionAndUser","details":"[{\"args\":[\"c72daec1-b8bc-438e-ad9c-c7e93f7e71a5\"]}]"}
{"timestamp":1766818068303,"level":"info","service":"api","message":"API request details: ","requestId":"2d2cbeb3","path":"/api/read/lookup","method":"GET","status":200,"duration":"0ms"}
{"timestamp":1766818068305,"level":"debug","service":"auth","message":"adapter_getSessionAndUser","details":"[{\"args\":[\"c72daec1-b8bc-438e-ad9c-c7e93f7e71a5\"]}]"}
{"timestamp":1766818068307,"level":"info","service":"api","message":"API request details: ","requestId":"ecff8a53","path":"/api/read/lookup","method":"GET","status":200,"duration":"1ms"}
{"timestamp":1766818068309,"level":"debug","service":"auth","message":"adapter_getSessionAndUser","details":"[{\"args\":[\"c72daec1-b8bc-438e-ad9c-c7e93f7e71a5\"]}]"}
{"timestamp":1766818068311,"level":"info","service":"api","message":"API request details: ","requestId":"1b2fcc23","path":"/api/read/core/analysts","method":"GET","status":200,"duration":"1ms"}
{"timestamp":1766818068313,"level":"debug","service":"auth","message":"adapter_getSessionAndUser","details":"[{\"args\":[\"c72daec1-b8bc-438e-ad9c-c7e93f7e71a5\"]}]"}
{"timestamp":1766818068315,"level":"info","service":"api","message":"API request details: ","requestId":"915c193e","path":"/api/read/core/incidents","method":"GET","status":200,"duration":"1ms"}
{"timestamp":1766818068317,"level":"debug","service":"auth","message":"adapter_getSessionAndUser","details":"[{\"args\":[\"c72daec1-b8bc-438e-ad9c-c7e93f7e71a5\"]}]"}
{"timestamp":1766818068319,"level":"info","service":"api","message":"API request details: ","requestId":"9b432da5","path":"/api/read/lookup","method":"GET","status":200,"duration":"1ms"}
{"timestamp":1766818068321,"level":"debug","service":"auth","message":"adapter_getSessionAndUser","details":"[{\"args\":[\"c72daec1-b8bc-438e-ad9c-c7e93f7e71a5\"]}]"}
{"timestamp":1766818068323,"level":"info","service":"api","message":"API request details: ","requestId":"13c03d57","path":"/api/read/lookup","method":"GET","status":200,"duration":"1ms"}
{"timestamp":1766818068324,"level":"debug","service":"auth","message":"adapter_getSessionAndUser","details":"[{\"args\":[\"c72daec1-b8bc-438e-ad9c-c7e93f7e71a5\"]}]"}
{"timestamp":1766818068326,"level":"info","service":"api","message":"API request details: ","requestId":"7e2a912c","path":"/api/read/lookup","method":"GET","status":200,"duration":"1ms"}
{"timestamp":1766818068333,"level":"debug","service":"auth","message":"adapter_getSessionAndUser","details":"[{\"args\":[\"c72daec1-b8bc-438e-ad9c-c7e93f7e71a5\"]}]"}
{"timestamp":1766818068335,"level":"info","service":"api","message":"API request details: ","requestId":"f621aedd","path":"/api/read/lookup","method":"GET","status":200,"duration":"1ms"}
{"timestamp":1766818068336,"level":"debug","service":"auth","message":"adapter_getSessionAndUser","details":"[{\"args\":[\"c72daec1-b8bc-438e-ad9c-c7e93f7e71a5\"]}]"}
{"timestamp":1766818068337,"level":"info","service":"api","message":"API request details: ","requestId":"98dd335d","path":"/api/read/lookup","method":"GET","status":200,"duration":"0ms"}
{"timestamp":1766818068339,"level":"debug","service":"auth","message":"adapter_getSessionAndUser","details":"[{\"args\":[\"c72daec1-b8bc-438e-ad9c-c7e93f7e71a5\"]}]"}
{"timestamp":1766818068340,"level":"info","service":"api","message":"API request details: ","requestId":"4adac15b","path":"/api/read/core/analysts","method":"GET","status":200,"duration":"0ms"}
{"timestamp":1766818068346,"level":"debug","service":"auth","message":"adapter_getSessionAndUser","details":"[{\"args\":[\"c72daec1-b8bc-438e-ad9c-c7e93f7e71a5\"]}]"}
{"timestamp":1766818068348,"level":"info","service":"api","message":"API request details: ","requestId":"c2b80302","path":"/api/read/core/incidents","method":"GET","status":200,"duration":"1ms"}
{"timestamp":1766818068358,"level":"info","service":"socket","message":"Socket 5UYlcqv8gvssMZ8_AAAB - Authenticated as general (51eb03e4-8de2-4712-a430-52978aa5fdcc)"}
{"timestamp":1766818068359,"level":"info","service":"socket","message":"Socket 5UYlcqv8gvssMZ8_AAAB - Connected as Spanko (51eb03e4-8de2-4712-a430-52978aa5fdcc)"}
{"timestamp":1766818068363,"level":"debug","service":"socket","message":"Created new incident entry for 184b72df-bbeb-4d53-8378-da0f62d1ed02"}
{"timestamp":1766818068363,"level":"debug","service":"socket","message":"Added socket 5UYlcqv8gvssMZ8_AAAB to incident 184b72df-bbeb-4d53-8378-da0f62d1ed02"}
{"timestamp":1766818068371,"level":"debug","service":"auth","message":"adapter_getSessionAndUser","details":"[{\"args\":[\"c72daec1-b8bc-438e-ad9c-c7e93f7e71a5\"]}]"}
{"timestamp":1766818068375,"level":"info","service":"api","message":"API request details: ","requestId":"b7418e83","path":"/api/read/core/timeline_enriched","method":"GET","status":200,"duration":"3ms"}
{"timestamp":1766818068377,"level":"debug","service":"auth","message":"adapter_getSessionAndUser","details":"[{\"args\":[\"c72daec1-b8bc-438e-ad9c-c7e93f7e71a5\"]}]"}
{"timestamp":1766818068378,"level":"info","service":"api","message":"API request details: ","requestId":"41ac03c8","path":"/api/read/core/annotations","method":"GET","status":200,"duration":"1ms"}
{"timestamp":1766818068385,"level":"debug","service":"auth","message":"adapter_getSessionAndUser","details":"[{\"args\":[\"c72daec1-b8bc-438e-ad9c-c7e93f7e71a5\"]}]"}
{"timestamp":1766818068388,"level":"info","service":"api","message":"API request details: ","requestId":"306dd5d0","path":"/api/read/core/timeline_enriched","method":"GET","status":200,"duration":"2ms"}
{"timestamp":1766818068389,"level":"debug","service":"auth","message":"adapter_getSessionAndUser","details":"[{\"args\":[\"c72daec1-b8bc-438e-ad9c-c7e93f7e71a5\"]}]"}
{"timestamp":1766818068391,"level":"info","service":"api","message":"API request details: ","requestId":"5a06a376","path":"/api/read/core/annotations","method":"GET","status":200,"duration":"1ms"}
{"timestamp":1766818073649,"level":"debug","service":"auth","message":"adapter_getSessionAndUser","details":"[{\"args\":[\"c72daec1-b8bc-438e-ad9c-c7e93f7e71a5\"]}]"}
{"timestamp":1766818073650,"level":"debug","service":"auth","message":"adapter_getSessionAndUser","details":"[{\"args\":[\"c72daec1-b8bc-438e-ad9c-c7e93f7e71a5\"]}]"}
{"timestamp":1766818073651,"level":"debug","service":"auth","message":"adapter_getSessionAndUser","details":"[{\"args\":[\"c72daec1-b8bc-438e-ad9c-c7e93f7e71a5\"]}]"}
{"timestamp":1766818073652,"level":"info","service":"api","message":"API request details: ","requestId":"dd60c22c","path":"/api/health","method":"GET","status":200,"duration":"0ms"}
{"timestamp":1766818073656,"level":"debug","service":"socket","message":"Client 5UYlcqv8gvssMZ8_AAAB left incident:184b72df-bbeb-4d53-8378-da0f62d1ed02"}
{"timestamp":1766818073668,"level":"debug","service":"auth","message":"adapter_getSessionAndUser","details":"[{\"args\":[\"c72daec1-b8bc-438e-ad9c-c7e93f7e71a5\"]}]"}
{"timestamp":1766818073670,"level":"info","service":"api","message":"API request details: ","requestId":"857d6d93","path":"/api/read/lookup","method":"GET","status":200,"duration":"1ms"}
{"timestamp":1766818073672,"level":"debug","service":"auth","message":"adapter_getSessionAndUser","details":"[{\"args\":[\"c72daec1-b8bc-438e-ad9c-c7e93f7e71a5\"]}]"}
{"timestamp":1766818073674,"level":"info","service":"api","message":"API request details: ","requestId":"95fc529b","path":"/api/read/lookup","method":"GET","status":200,"duration":"0ms"}
{"timestamp":1766818073675,"level":"debug","service":"auth","message":"adapter_getSessionAndUser","details":"[{\"args\":[\"c72daec1-b8bc-438e-ad9c-c7e93f7e71a5\"]}]"}
{"timestamp":1766818073677,"level":"info","service":"api","message":"API request details: ","requestId":"b04e43ad","path":"/api/read/lookup","method":"GET","status":200,"duration":"1ms"}
{"timestamp":1766818073678,"level":"debug","service":"auth","message":"adapter_getSessionAndUser","details":"[{\"args\":[\"c72daec1-b8bc-438e-ad9c-c7e93f7e71a5\"]}]"}
{"timestamp":1766818073679,"level":"info","service":"api","message":"API request details: ","requestId":"ae50f27d","path":"/api/read/lookup","method":"GET","status":200,"duration":"1ms"}
{"timestamp":1766818073680,"level":"debug","service":"auth","message":"adapter_getSessionAndUser","details":"[{\"args\":[\"c72daec1-b8bc-438e-ad9c-c7e93f7e71a5\"]}]"}
{"timestamp":1766818073681,"level":"info","service":"api","message":"API request details: ","requestId":"00a3a7ad","path":"/api/read/lookup","method":"GET","status":200,"duration":"0ms"}
{"timestamp":1766818073683,"level":"debug","service":"auth","message":"adapter_getSessionAndUser","details":"[{\"args\":[\"c72daec1-b8bc-438e-ad9c-c7e93f7e71a5\"]}]"}
{"timestamp":1766818073685,"level":"info","service":"api","message":"API request details: ","requestId":"c2fb76e3","path":"/api/read/core/analysts","method":"GET","status":200,"duration":"1ms"}
{"timestamp":1766818073686,"level":"debug","service":"auth","message":"adapter_getSessionAndUser","details":"[{\"args\":[\"c72daec1-b8bc-438e-ad9c-c7e93f7e71a5\"]}]"}
{"timestamp":1766818073687,"level":"info","service":"api","message":"API request details: ","requestId":"90f75a78","path":"/api/read/core/incidents","method":"GET","status":200,"duration":"0ms"}
{"timestamp":1766818074388,"level":"debug","service":"auth","message":"adapter_getSessionAndUser","details":"[{\"args\":[\"c72daec1-b8bc-438e-ad9c-c7e93f7e71a5\"]}]"}
{"timestamp":1766818074389,"level":"debug","service":"auth","message":"adapter_getSessionAndUser","details":"[{\"args\":[\"c72daec1-b8bc-438e-ad9c-c7e93f7e71a5\"]}]"}
{"timestamp":1766818074411,"level":"debug","service":"auth","message":"adapter_getSessionAndUser","details":"[{\"args\":[\"c72daec1-b8bc-438e-ad9c-c7e93f7e71a5\"]}]"}
{"timestamp":1766818074413,"level":"info","service":"api","message":"API request details: ","requestId":"454f21a8","path":"/api/read/lookup","method":"GET","status":200,"duration":"1ms"}
{"timestamp":1766818074414,"level":"debug","service":"auth","message":"adapter_getSessionAndUser","details":"[{\"args\":[\"c72daec1-b8bc-438e-ad9c-c7e93f7e71a5\"]}]"}
{"timestamp":1766818074415,"level":"info","service":"api","message":"API request details: ","requestId":"b64f4221","path":"/api/read/lookup","method":"GET","status":200,"duration":"0ms"}
{"timestamp":1766818074417,"level":"debug","service":"auth","message":"adapter_getSessionAndUser","details":"[{\"args\":[\"c72daec1-b8bc-438e-ad9c-c7e93f7e71a5\"]}]"}
{"timestamp":1766818074418,"level":"info","service":"api","message":"API request details: ","requestId":"7a7e728d","path":"/api/read/lookup","method":"GET","status":200,"duration":"1ms"}
{"timestamp":1766818074419,"level":"debug","service":"auth","message":"adapter_getSessionAndUser","details":"[{\"args\":[\"c72daec1-b8bc-438e-ad9c-c7e93f7e71a5\"]}]"}
{"timestamp":1766818074420,"level":"info","service":"api","message":"API request details: ","requestId":"42e545e8","path":"/api/read/lookup","method":"GET","status":200,"duration":"0ms"}
{"timestamp":1766818074422,"level":"debug","service":"auth","message":"adapter_getSessionAndUser","details":"[{\"args\":[\"c72daec1-b8bc-438e-ad9c-c7e93f7e71a5\"]}]"}
{"timestamp":1766818074423,"level":"info","service":"api","message":"API request details: ","requestId":"a9b2c46a","path":"/api/read/lookup","method":"GET","status":200,"duration":"1ms"}
{"timestamp":1766818074424,"level":"debug","service":"auth","message":"adapter_getSessionAndUser","details":"[{\"args\":[\"c72daec1-b8bc-438e-ad9c-c7e93f7e71a5\"]}]"}
{"timestamp":1766818074425,"level":"info","service":"api","message":"API request details: ","requestId":"fc6d18d5","path":"/api/read/core/analysts","method":"GET","status":200,"duration":"0ms"}
{"timestamp":1766818074427,"level":"debug","service":"auth","message":"adapter_getSessionAndUser","details":"[{\"args\":[\"c72daec1-b8bc-438e-ad9c-c7e93f7e71a5\"]}]"}
{"timestamp":1766818074428,"level":"info","service":"api","message":"API request details: ","requestId":"90907251","path":"/api/read/core/incidents","method":"GET","status":200,"duration":"0ms"}
{"timestamp":1766818074430,"level":"debug","service":"auth","message":"adapter_getSessionAndUser","details":"[{\"args\":[\"c72daec1-b8bc-438e-ad9c-c7e93f7e71a5\"]}]"}
{"timestamp":1766818074431,"level":"info","service":"api","message":"API request details: ","requestId":"ca2b3975","path":"/api/read/lookup","method":"GET","status":200,"duration":"0ms"}
{"timestamp":1766818074435,"level":"debug","service":"auth","message":"adapter_getSessionAndUser","details":"[{\"args\":[\"c72daec1-b8bc-438e-ad9c-c7e93f7e71a5\"]}]"}
{"timestamp":1766818074436,"level":"info","service":"api","message":"API request details: ","requestId":"9ca24a31","path":"/api/read/lookup","method":"GET","status":200,"duration":"0ms"}
{"timestamp":1766818074438,"level":"debug","service":"auth","message":"adapter_getSessionAndUser","details":"[{\"args\":[\"c72daec1-b8bc-438e-ad9c-c7e93f7e71a5\"]}]"}
{"timestamp":1766818074439,"level":"info","service":"api","message":"API request details: ","requestId":"a192d460","path":"/api/read/lookup","method":"GET","status":200,"duration":"0ms"}
{"timestamp":1766818074441,"level":"debug","service":"auth","message":"adapter_getSessionAndUser","details":"[{\"args\":[\"c72daec1-b8bc-438e-ad9c-c7e93f7e71a5\"]}]"}
{"timestamp":1766818074442,"level":"info","service":"api","message":"API request details: ","requestId":"4bc95422","path":"/api/read/lookup","method":"GET","status":200,"duration":"0ms"}
{"timestamp":1766818074447,"level":"debug","service":"auth","message":"adapter_getSessionAndUser","details":"[{\"args\":[\"c72daec1-b8bc-438e-ad9c-c7e93f7e71a5\"]}]"}
{"timestamp":1766818074449,"level":"info","service":"api","message":"API request details: ","requestId":"b25eac26","path":"/api/read/core/analysts","method":"GET","status":200,"duration":"1ms"}
{"timestamp":1766818074450,"level":"debug","service":"auth","message":"adapter_getSessionAndUser","details":"[{\"args\":[\"c72daec1-b8bc-438e-ad9c-c7e93f7e71a5\"]}]"}
{"timestamp":1766818074452,"level":"info","service":"api","message":"API request details: ","requestId":"7c13c19d","path":"/api/read/lookup","method":"GET","status":200,"duration":"1ms"}
{"timestamp":1766818074454,"level":"debug","service":"auth","message":"adapter_getSessionAndUser","details":"[{\"args\":[\"c72daec1-b8bc-438e-ad9c-c7e93f7e71a5\"]}]"}
{"timestamp":1766818074456,"level":"info","service":"api","message":"API request details: ","requestId":"cbb9948c","path":"/api/read/core/timeline_enriched","method":"GET","status":200,"duration":"1ms"}
{"timestamp":1766818074458,"level":"debug","service":"auth","message":"adapter_getSessionAndUser","details":"[{\"args\":[\"c72daec1-b8bc-438e-ad9c-c7e93f7e71a5\"]}]"}
{"timestamp":1766818074459,"level":"info","service":"api","message":"API request details: ","requestId":"96615877","path":"/api/read/core/incidents","method":"GET","status":200,"duration":"0ms"}
{"timestamp":1766818074461,"level":"debug","service":"auth","message":"adapter_getSessionAndUser","details":"[{\"args\":[\"c72daec1-b8bc-438e-ad9c-c7e93f7e71a5\"]}]"}
{"timestamp":1766818074462,"level":"info","service":"api","message":"API request details: ","requestId":"c97e0b53","path":"/api/read/core/annotations","method":"GET","status":200,"duration":"0ms"}
{"timestamp":1766818074467,"level":"info","service":"socket","message":"Socket hlpYz3FGYgiSzUtxAAAD - Authenticated as general (51eb03e4-8de2-4712-a430-52978aa5fdcc)"}
{"timestamp":1766818074467,"level":"info","service":"socket","message":"Socket hlpYz3FGYgiSzUtxAAAD - Connected as Spanko (51eb03e4-8de2-4712-a430-52978aa5fdcc)"}
{"timestamp":1766818074469,"level":"debug","service":"auth","message":"adapter_getSessionAndUser","details":"[{\"args\":[\"c72daec1-b8bc-438e-ad9c-c7e93f7e71a5\"]}]"}
{"timestamp":1766818074471,"level":"info","service":"api","message":"API request details: ","requestId":"bd735efa","path":"/api/read/core/timeline_enriched","method":"GET","status":200,"duration":"1ms"}
{"timestamp":1766818074477,"level":"debug","service":"auth","message":"adapter_getSessionAndUser","details":"[{\"args\":[\"c72daec1-b8bc-438e-ad9c-c7e93f7e71a5\"]}]"}
{"timestamp":1766818074478,"level":"info","service":"api","message":"API request details: ","requestId":"e929f685","path":"/api/read/core/annotations","method":"GET","status":200,"duration":"1ms"}
{"timestamp":1766818074478,"level":"debug","service":"socket","message":"Created new incident entry for 9fbe0a0d-97a0-42ae-af9d-6b08df5cadbe"}
{"timestamp":1766818074479,"level":"debug","service":"socket","message":"Added socket hlpYz3FGYgiSzUtxAAAD to incident 9fbe0a0d-97a0-42ae-af9d-6b08df5cadbe"}
{"timestamp":1766818076046,"level":"debug","service":"socket","message":"Client hlpYz3FGYgiSzUtxAAAD informed focus change in incident:9fbe0a0d-97a0-42ae-af9d-6b08df5cadbe to row 4b095367-7753-4a86-8718-dfa6a37c9871"}
{"timestamp":1766818077201,"level":"debug","service":"socket","message":"Client hlpYz3FGYgiSzUtxAAAD informed focus change in incident:9fbe0a0d-97a0-42ae-af9d-6b08df5cadbe to row null"}
{"timestamp":1766818082319,"level":"debug","service":"socket","message":"Client hlpYz3FGYgiSzUtxAAAD informed focus change in incident:9fbe0a0d-97a0-42ae-af9d-6b08df5cadbe to row ef45ba89-6760-49b9-a80d-279cb7d76de7"}
{"timestamp":1766818082867,"level":"debug","service":"socket","message":"Client hlpYz3FGYgiSzUtxAAAD informed focus change in incident:9fbe0a0d-97a0-42ae-af9d-6b08df5cadbe to row null"}
{"timestamp":1766818083117,"level":"debug","service":"socket","message":"Client hlpYz3FGYgiSzUtxAAAD informed focus change in incident:9fbe0a0d-97a0-42ae-af9d-6b08df5cadbe to row e0a1c430-73c9-4f6f-ac58-395dce00d67b"}
{"timestamp":1766818083789,"level":"debug","service":"socket","message":"Client hlpYz3FGYgiSzUtxAAAD informed focus change in incident:9fbe0a0d-97a0-42ae-af9d-6b08df5cadbe to row null"}
{"timestamp":1766818084264,"level":"debug","service":"socket","message":"Client hlpYz3FGYgiSzUtxAAAD informed focus change in incident:9fbe0a0d-97a0-42ae-af9d-6b08df5cadbe to row ef45ba89-6760-49b9-a80d-279cb7d76de7"}
{"timestamp":1766818084704,"level":"debug","service":"socket","message":"Client hlpYz3FGYgiSzUtxAAAD informed focus change in incident:9fbe0a0d-97a0-42ae-af9d-6b08df5cadbe to row null"}
{"timestamp":1766818085019,"level":"debug","service":"socket","message":"Client hlpYz3FGYgiSzUtxAAAD informed focus change in incident:9fbe0a0d-97a0-42ae-af9d-6b08df5cadbe to row 6b17d555-0220-4b2f-8067-542d047c4b79"}
{"timestamp":1766818086767,"level":"debug","service":"socket","message":"Client hlpYz3FGYgiSzUtxAAAD informed focus change in incident:9fbe0a0d-97a0-42ae-af9d-6b08df5cadbe to row null"}
{"timestamp":1766818090190,"level":"debug","service":"socket","message":"Removed socket hlpYz3FGYgiSzUtxAAAD from incident 9fbe0a0d-97a0-42ae-af9d-6b08df5cadbe"}
{"timestamp":1766818099314,"level":"debug","service":"socket","message":"✅ Initializing Socket.IO with HTTP server"}
{"timestamp":1766818099315,"level":"info","service":"socket","message":"Creating new Socket.IO server instance"}
{"timestamp":1766818099316,"level":"debug","service":"socket","message":"✅ Socket.IO server initialized"}
